<?xml version="1.0" encoding="UTF-8"?>
<testng-results ignored="0" total="1" passed="1" failed="0" skipped="0">
  <reporter-output>
  </reporter-output>
  <suite started-at="2023-09-28T20:08:09 EDT" name="Suite" finished-at="2023-09-28T20:08:17 EDT" duration-ms="7615">
    <groups>
      <group name="cucumber">
        <method signature="AbstractTestNGCucumberTests.runScenario(io.cucumber.testng.PickleEventWrapper,io.cucumber.testng.CucumberFeatureWrapper)[pri:0, instance:com.cucumber.test.CucumberRunner@242b836]" name="runScenario" class="io.cucumber.testng.AbstractTestNGCucumberTests"/>
      </group> <!-- cucumber -->
    </groups>
    <test started-at="2023-09-28T20:08:09 EDT" name="Test" finished-at="2023-09-28T20:08:17 EDT" duration-ms="7615">
      <class name="com.cucumber.test.CucumberRunner">
        <test-method is-config="true" signature="setUpClass()[pri:0, instance:com.cucumber.test.CucumberRunner@242b836]" started-at="2023-09-28T20:08:09 EDT" name="setUpClass" finished-at="2023-09-28T20:08:10 EDT" duration-ms="83" status="PASS">
          <reporter-output>
          </reporter-output>
        </test-method> <!-- setUpClass -->
        <test-method signature="runScenario(io.cucumber.testng.PickleEventWrapper,io.cucumber.testng.CucumberFeatureWrapper)[pri:0, instance:com.cucumber.test.CucumberRunner@242b836]" started-at="2023-09-28T20:08:10 EDT" name="runScenario" description="Runs Cucumber Scenarios" data-provider="scenarios" finished-at="2023-09-28T20:08:17 EDT" duration-ms="7443" status="PASS">
          <params>
            <param index="0">
              <value>
                <![CDATA["As a google user, i need to get only iphone 13 when i will search for iphone 13"]]>
              </value>
            </param>
            <param index="1">
              <value>
                <![CDATA["Testing google search function"]]>
              </value>
            </param>
          </params>
          <reporter-output>
          </reporter-output>
        </test-method> <!-- runScenario -->
        <test-method is-config="true" signature="tearDownClass()[pri:0, instance:com.cucumber.test.CucumberRunner@242b836]" started-at="2023-09-28T20:08:17 EDT" name="tearDownClass" finished-at="2023-09-28T20:08:17 EDT" duration-ms="18" status="PASS">
          <reporter-output>
          </reporter-output>
        </test-method> <!-- tearDownClass -->
      </class> <!-- com.cucumber.test.CucumberRunner -->
    </test> <!-- Test -->
  </suite> <!-- Suite -->
</testng-results>
